Using pre-set license
Built from '2020.3/staging' branch; Version is '2020.3.10f1 (297d780c91bc) revision 2719096'; Using compiler version '192528614'; Build Type 'Release'
OS: 'Windows 10 Enterprise; OS build 10240.17443; Version ; 64bit' Language: 'en' Physical Memory: 3959 MB
BatchMode: 1, IsHumanControllingUs: 0, StartBugReporterOnCrash: 0, Is64bit: 1, IsPro: 0

 COMMAND LINE ARGUMENTS:
C:\Program Files\Unity 20\Unity\Editor\Unity.exe
-adb2
-batchMode
-noUpm
-name
AssetImportWorker0
-projectPath
C:/Users/RICHARD/Documents/worm battle game
-logFile
Logs/AssetImportWorker0.log
-srvPort
58975
Successfully changed project path to: C:/Users/RICHARD/Documents/worm battle game
C:/Users/RICHARD/Documents/worm battle game
Using Asset Import Pipeline V2.
Refreshing native plugins compatible for Editor in 224.57 ms, found 2 plugins.
Preloading 0 native plugins for Editor in 0.00 ms.
Initialize engine version: 2020.3.10f1 (297d780c91bc)
[Subsystems] Discovering subsystems at path C:/Program Files/Unity 20/Unity/Editor/Data/Resources/UnitySubsystems
[Subsystems] Discovering subsystems at path C:/Users/RICHARD/Documents/worm battle game/Assets
GfxDevice: creating device client; threaded=0
d3d11: QueryInterface(IDXGIFactory5) failed (80004002).
Direct3D:
    Version:  Direct3D 11.0 [level 11.0]
    Renderer: Intel(R) HD Graphics 4000 (ID=0x166)
    Vendor:   
    VRAM:     128 MB
    Driver:   10.18.10.4358
Initialize mono
Mono path[0] = 'C:/Program Files/Unity 20/Unity/Editor/Data/Managed'
Mono path[1] = 'C:/Program Files/Unity 20/Unity/Editor/Data/MonoBleedingEdge/lib/mono/unityjit'
Mono config path = 'C:/Program Files/Unity 20/Unity/Editor/Data/MonoBleedingEdge/etc'
Using monoOptions --debugger-agent=transport=dt_socket,embedding=1,server=y,suspend=n,address=127.0.0.1:56104
Begin MonoManager ReloadAssembly
Registering precompiled unity dll's ...
Register platform support module: C:/Program Files/Unity 20/Unity/Editor/Data/PlaybackEngines/WebGLSupport/UnityEditor.WebGL.Extensions.dll
Register platform support module: C:/Program Files/Unity 20/Unity/Editor/Data/PlaybackEngines/WindowsStandaloneSupport/UnityEditor.WindowsStandalone.Extensions.dll
Registered in 0.005021 seconds.
Native extension for WindowsStandalone target not found
Native extension for WebGL target not found
Refreshing native plugins compatible for Editor in 191.53 ms, found 2 plugins.
Preloading 0 native plugins for Editor in 0.00 ms.
Unable to find bridge dll in registry for Microsoft Visual Studio Tools for Unity for C:\Program Files (x86)\Microsoft Visual Studio\2017\Community\Common7\IDE\devenv.exe
Mono: successfully reloaded assembly
- Completed reload, in  3.764 seconds
Platform modules already initialized, skipping
Registering precompiled user dll's ...
Registered in 0.012945 seconds.
Begin MonoManager ReloadAssembly
Native extension for WindowsStandalone target not found
Native extension for WebGL target not found
Refreshing native plugins compatible for Editor in 188.56 ms, found 2 plugins.
Preloading 0 native plugins for Editor in 0.00 ms.
Mono: successfully reloaded assembly
- Completed reload, in  4.407 seconds
Platform modules already initialized, skipping
========================================================================
Worker process is ready to serve import requests
Launched and connected shader compiler UnityShaderCompiler.exe after 0.14 seconds
Refreshing native plugins compatible for Editor in 2.61 ms, found 2 plugins.
Preloading 0 native plugins for Editor in 0.00 ms.
Unloading 2308 Unused Serialized files (Serialized files now loaded: 0)
System memory in use before: 94.6 MB.
System memory in use after: 94.8 MB.

Unloading 60 unused Assets to reduce memory usage. Loaded Objects now: 2716.
Total: 18.433554 ms (FindLiveObjects: 0.481977 ms CreateObjectMapping: 0.317765 ms MarkObjects: 17.391442 ms  DeleteObjects: 0.237633 ms)

========================================================================
Received Import Request.
  path: Assets/Scene/Main.unity
  artifactKey: Guid(d616b4e79aa99a54c94240a9ccb6b862) Importer(815301076,1909f56bfc062723c751e8b465ee728b)
Start importing Assets/Scene/Main.unity using Guid(d616b4e79aa99a54c94240a9ccb6b862) Importer(815301076,1909f56bfc062723c751e8b465ee728b)  -> (artifact id: 'ccb60ebd1bb5bb9594f617ea11453816') in 0.114507 seconds
  Import took 0.144265 seconds .

========================================================================
Received Import Request.
  Time since last request: 0.000516 seconds.
  path: Assets/Scene/Menu.unity
  artifactKey: Guid(aaf2b8948f7bfc84a816efddffd93666) Importer(815301076,1909f56bfc062723c751e8b465ee728b)
Start importing Assets/Scene/Menu.unity using Guid(aaf2b8948f7bfc84a816efddffd93666) Importer(815301076,1909f56bfc062723c751e8b465ee728b)  -> (artifact id: 'a7687b458634cb00c0f9b51bfd4ad130') in 0.100054 seconds
  Import took 0.131694 seconds .

========================================================================
Received Prepare
Registering precompiled user dll's ...
Registered in 0.011714 seconds.
Begin MonoManager ReloadAssembly
Native extension for WindowsStandalone target not found
Native extension for WebGL target not found
Refreshing native plugins compatible for Editor in 2.63 ms, found 2 plugins.
Preloading 0 native plugins for Editor in 0.00 ms.
Mono: successfully reloaded assembly
- Completed reload, in  4.102 seconds
Platform modules already initialized, skipping
Refreshing native plugins compatible for Editor in 3.14 ms, found 2 plugins.
Preloading 0 native plugins for Editor in 0.00 ms.
Unloading 2289 Unused Serialized files (Serialized files now loaded: 0)
System memory in use before: 93.5 MB.
System memory in use after: 93.7 MB.

Unloading 50 unused Assets to reduce memory usage. Loaded Objects now: 2719.
Total: 19.026848 ms (FindLiveObjects: 0.543162 ms CreateObjectMapping: 0.303555 ms MarkObjects: 18.085394 ms  DeleteObjects: 0.090395 ms)

========================================================================
Received Import Request.
  Time since last request: 1943.626204 seconds.
  path: Assets/Scripts/PlayerController.cs
  artifactKey: Guid(3893c13e62422f8409f53dec7c3e46cd) Importer(815301076,1909f56bfc062723c751e8b465ee728b)
Start importing Assets/Scripts/PlayerController.cs using Guid(3893c13e62422f8409f53dec7c3e46cd) Importer(815301076,1909f56bfc062723c751e8b465ee728b)  -> (artifact id: '33e8ea6b32c49b9f0ea9caf665a5c3b8') in 0.164606 seconds
  Import took 0.178558 seconds .

========================================================================
Received Prepare
Registering precompiled user dll's ...
Registered in 0.016116 seconds.
Begin MonoManager ReloadAssembly
Native extension for WindowsStandalone target not found
Native extension for WebGL target not found
Refreshing native plugins compatible for Editor in 176.82 ms, found 2 plugins.
Preloading 0 native plugins for Editor in 0.00 ms.
Unable to find bridge dll in registry for Microsoft Visual Studio Tools for Unity for C:\Program Files (x86)\Microsoft Visual Studio\2017\Community\Common7\IDE\devenv.exe
Mono: successfully reloaded assembly
- Completed reload, in  2.918 seconds
Platform modules already initialized, skipping
Refreshing native plugins compatible for Editor in 2.45 ms, found 2 plugins.
Preloading 0 native plugins for Editor in 0.00 ms.
Unloading 2289 Unused Serialized files (Serialized files now loaded: 0)
System memory in use before: 92.1 MB.
System memory in use after: 92.4 MB.

Unloading 47 unused Assets to reduce memory usage. Loaded Objects now: 2719.
Total: 5.357012 ms (FindLiveObjects: 0.602768 ms CreateObjectMapping: 0.487504 ms MarkObjects: 4.185425 ms  DeleteObjects: 0.076974 ms)

AssetImportWorkerClient::OnTransportError - code=2 error=End of file
